#
# There is insufficient memory for the Java Runtime Environment to continue.
# Native memory allocation (mmap) failed to map 67108864 bytes for G1 virtual space
# Possible reasons:
#   The system is out of physical RAM or swap space
#   The process is running with CompressedOops enabled, and the Java Heap may be blocking the growth of the native heap
# Possible solutions:
#   Reduce memory load on the system
#   Increase physical memory or swap space
#   Check if swap backing store is full
#   Decrease Java heap size (-Xmx/-Xms)
#   Decrease number of Java threads
#   Decrease Java thread stack sizes (-Xss)
#   Set larger code cache with -XX:ReservedCodeCacheSize=
#   JVM is running with Unscaled Compressed Oops mode in which the Java heap is
#     placed in the first 4GB address space. The Java Heap base address is the
#     maximum limit for the native heap growth. Please use -XX:HeapBaseMinAddress
#     to set the Java Heap base and to place the Java Heap above 4GB virtual address.
# This output file may be truncated or incomplete.
#
#  Out of Memory Error (os_windows.cpp:3825), pid=11276, tid=5112
#
# JRE version: OpenJDK Runtime Environment (17.0.9) (build 17.0.9+0--11185874)
# Java VM: OpenJDK 64-Bit Server VM (17.0.9+0--11185874, mixed mode, tiered, compressed oops, compressed class ptrs, g1 gc, windows-amd64)
# No core dump will be written. Minidumps are not enabled by default on client versions of Windows
#

---------------  S U M M A R Y ------------

Command Line: org.jetbrains.kotlin.cli.jvm.K2JVMCompiler @C:\Users\Acer\AndroidStudioProjects\FitnessApp2\app\build\20240517_5160671902150424921.compiler.options

Host: Intel(R) Core(TM) i3-7130U CPU @ 2.70GHz, 4 cores, 3G,  Windows 10 , 64 bit Build 19041 (10.0.19041.3636)
Time: Fri May 17 01:12:08 2024 SE Asia Standard Time elapsed time: 30.325828 seconds (0d 0h 0m 30s)

---------------  T H R E A D  ---------------

Current thread (0x0000017831d6d580):  VMThread "VM Thread" [stack: 0x0000001b22f00000,0x0000001b23000000] [id=5112]

Stack: [0x0000001b22f00000,0x0000001b23000000]
Native frames: (J=compiled Java code, j=interpreted, Vv=VM code, C=native code)
V  [jvm.dll+0x6886e9]
V  [jvm.dll+0x841e4a]
V  [jvm.dll+0x843a8e]
V  [jvm.dll+0x8440f3]
V  [jvm.dll+0x24c14f]
V  [jvm.dll+0x685499]
V  [jvm.dll+0x679c2a]
V  [jvm.dll+0x30cf9b]
V  [jvm.dll+0x314446]
V  [jvm.dll+0x36425e]
V  [jvm.dll+0x36448f]
V  [jvm.dll+0x2e2d68]
V  [jvm.dll+0x2e0f44]
V  [jvm.dll+0x2e054c]
V  [jvm.dll+0x3253fb]
V  [jvm.dll+0x8487eb]
V  [jvm.dll+0x849531]
V  [jvm.dll+0x849a4d]
V  [jvm.dll+0x849e24]
V  [jvm.dll+0x849ef0]
V  [jvm.dll+0x7f06aa]
V  [jvm.dll+0x687565]
C  [ucrtbase.dll+0x21bb2]
C  [KERNEL32.DLL+0x17344]
C  [ntdll.dll+0x526b1]

VM_Operation (0x0000001b229ff4a0): G1CollectForAllocation, mode: safepoint, requested by thread 0x000001784e0ee5a0


---------------  P R O C E S S  ---------------

Threads class SMR info:
_java_thread_list=0x000001784fb18dc0, length=12, elements={
0x0000017848b9cbf0, 0x0000017848b9df70, 0x0000017848beea40, 0x0000017848bef600,
0x0000017848bf20d0, 0x0000017848bf2a90, 0x0000017848bf3780, 0x0000017848bf6190,
0x0000017848c09530, 0x000001784d170600, 0x000001784d17b5b0, 0x000001784e0ee5a0
}

Java Threads: ( => current thread )
  0x0000017848b9cbf0 JavaThread "Reference Handler" daemon [_thread_blocked, id=4780, stack(0x0000001b23000000,0x0000001b23100000)]
  0x0000017848b9df70 JavaThread "Finalizer" daemon [_thread_blocked, id=7592, stack(0x0000001b23100000,0x0000001b23200000)]
  0x0000017848beea40 JavaThread "Signal Dispatcher" daemon [_thread_blocked, id=3684, stack(0x0000001b23200000,0x0000001b23300000)]
  0x0000017848bef600 JavaThread "Attach Listener" daemon [_thread_blocked, id=8624, stack(0x0000001b23300000,0x0000001b23400000)]
  0x0000017848bf20d0 JavaThread "Service Thread" daemon [_thread_blocked, id=12044, stack(0x0000001b23400000,0x0000001b23500000)]
  0x0000017848bf2a90 JavaThread "Monitor Deflation Thread" daemon [_thread_blocked, id=12924, stack(0x0000001b23500000,0x0000001b23600000)]
  0x0000017848bf3780 JavaThread "C2 CompilerThread0" daemon [_thread_blocked, id=8148, stack(0x0000001b23600000,0x0000001b23700000)]
  0x0000017848bf6190 JavaThread "C1 CompilerThread0" daemon [_thread_blocked, id=1444, stack(0x0000001b23700000,0x0000001b23800000)]
  0x0000017848c09530 JavaThread "Sweeper thread" daemon [_thread_blocked, id=2532, stack(0x0000001b23800000,0x0000001b23900000)]
  0x000001784d170600 JavaThread "Notification Thread" daemon [_thread_blocked, id=2068, stack(0x0000001b23900000,0x0000001b23a00000)]
  0x000001784d17b5b0 JavaThread "Common-Cleaner" daemon [_thread_blocked, id=2132, stack(0x0000001b23b00000,0x0000001b23c00000)]
  0x000001784e0ee5a0 JavaThread "Unknown thread" [_thread_blocked, id=5772, stack(0x0000001b22900000,0x0000001b22a00000)]

Other Threads:
=>0x0000017831d6d580 VMThread "VM Thread" [stack: 0x0000001b22f00000,0x0000001b23000000] [id=5112]
  0x000001784d172ef0 WatcherThread [stack: 0x0000001b23a00000,0x0000001b23b00000] [id=10920]
  0x0000017831ce9be0 GCTaskThread "GC Thread#0" [stack: 0x0000001b22a00000,0x0000001b22b00000] [id=3608]
  0x000001784d5601f0 GCTaskThread "GC Thread#1" [stack: 0x0000001b23c00000,0x0000001b23d00000] [id=12072]
  0x000001784d56b080 GCTaskThread "GC Thread#2" [stack: 0x0000001b23d00000,0x0000001b23e00000] [id=5616]
  0x000001784d56b340 GCTaskThread "GC Thread#3" [stack: 0x0000001b23e00000,0x0000001b23f00000] [id=6756]
  0x0000017831cf28b0 ConcurrentGCThread "G1 Main Marker" [stack: 0x0000001b22b00000,0x0000001b22c00000] [id=11904]
  0x0000017831cf32d0 ConcurrentGCThread "G1 Conc#0" [stack: 0x0000001b22c00000,0x0000001b22d00000] [id=12448]
  0x0000017831d414e0 ConcurrentGCThread "G1 Refine#0" [stack: 0x0000001b22d00000,0x0000001b22e00000] [id=7904]
  0x000001784e619440 ConcurrentGCThread "G1 Refine#1" [stack: 0x0000001b23f00000,0x0000001b24000000] [id=11884]
  0x000001784dbfec40 ConcurrentGCThread "G1 Refine#2" [stack: 0x0000001b24000000,0x0000001b24100000] [id=5108]
  0x0000017831d41f10 ConcurrentGCThread "G1 Service" [stack: 0x0000001b22e00000,0x0000001b22f00000] [id=8540]

Threads with active compile tasks:
C2 CompilerThread0    30408 15046 %     4       java.io.WinNTFileSystem::normalize @ 22 (143 bytes)

VM state: at safepoint (normal execution)

VM Mutex/Monitor currently owned by a thread:  ([mutex/lock_event])
[0x0000017831ca8a00] Threads_lock - owner thread: 0x0000017831d6d580
[0x0000017831ca9c90] Heap_lock - owner thread: 0x000001784e0ee5a0

Heap address: 0x00000000c1400000, size: 1004 MB, Compressed Oops mode: 32-bit

CDS archive(s) not mapped
Compressed class space mapped at: 0x0000000100000000-0x0000000140000000, reserved size: 1073741824
Narrow klass base: 0x0000000000000000, Narrow klass shift: 3, Narrow klass range: 0x140000000

GC Precious Log:
 CPUs: 4 total, 4 available
 Memory: 4012M
 Large Page Support: Disabled
 NUMA Support: Disabled
 Compressed Oops: Enabled (32-bit)
 Heap Region Size: 1M
 Heap Min Capacity: 8M
 Heap Initial Capacity: 64M
 Heap Max Capacity: 1004M
 Pre-touch: Disabled
 Parallel Workers: 4
 Concurrent Workers: 1
 Concurrent Refinement Workers: 4
 Periodic GC: Disabled

Heap:
 garbage-first heap   total 215040K, used 79828K [0x00000000c1400000, 0x0000000100000000)
  region size 1024K, 3 young (3072K), 3 survivors (3072K)
 Metaspace       used 86653K, committed 87040K, reserved 1179648K
  class space    used 9342K, committed 9536K, reserved 1048576K

Heap Regions: E=young(eden), S=young(survivor), O=old, HS=humongous(starts), HC=humongous(continues), CS=collection set, F=free, OA=open archive, CA=closed archive, TAMS=top-at-mark-start (previous, next)
|   0|0x00000000c1400000, 0x00000000c1500000, 0x00000000c1500000|100%|HS|  |TAMS 0x00000000c1500000, 0x00000000c1400000| Complete 
|   1|0x00000000c1500000, 0x00000000c1600000, 0x00000000c1600000|100%|HC|  |TAMS 0x00000000c1600000, 0x00000000c1500000| Complete 
|   2|0x00000000c1600000, 0x00000000c1700000, 0x00000000c1700000|100%|HC|  |TAMS 0x00000000c1700000, 0x00000000c1600000| Complete 
|   3|0x00000000c1700000, 0x00000000c1800000, 0x00000000c1800000|100%|HC|  |TAMS 0x00000000c1800000, 0x00000000c1700000| Complete 
|   4|0x00000000c1800000, 0x00000000c18f5e00, 0x00000000c1900000| 96%| O|  |TAMS 0x00000000c18f5e00, 0x00000000c1800000| Untracked 
|   5|0x00000000c1900000, 0x00000000c1a00000, 0x00000000c1a00000|100%| O|  |TAMS 0x00000000c1a00000, 0x00000000c1900000| Untracked 
|   6|0x00000000c1a00000, 0x00000000c1b00000, 0x00000000c1b00000|100%| O|  |TAMS 0x00000000c1b00000, 0x00000000c1a00000| Untracked 
|   7|0x00000000c1b00000, 0x00000000c1c00000, 0x00000000c1c00000|100%| O|  |TAMS 0x00000000c1c00000, 0x00000000c1b00000| Untracked 
|   8|0x00000000c1c00000, 0x00000000c1d00000, 0x00000000c1d00000|100%| O|  |TAMS 0x00000000c1d00000, 0x00000000c1c00000| Untracked 
|   9|0x00000000c1d00000, 0x00000000c1e00000, 0x00000000c1e00000|100%| O|  |TAMS 0x00000000c1e00000, 0x00000000c1d00000| Untracked 
|  10|0x00000000c1e00000, 0x00000000c1f00000, 0x00000000c1f00000|100%| O|  |TAMS 0x00000000c1f00000, 0x00000000c1e00000| Untracked 
|  11|0x00000000c1f00000, 0x00000000c2000000, 0x00000000c2000000|100%| O|  |TAMS 0x00000000c2000000, 0x00000000c1f00000| Untracked 
|  12|0x00000000c2000000, 0x00000000c2100000, 0x00000000c2100000|100%| O|  |TAMS 0x00000000c2100000, 0x00000000c2000000| Untracked 
|  13|0x00000000c2100000, 0x00000000c2200000, 0x00000000c2200000|100%| O|  |TAMS 0x00000000c2200000, 0x00000000c2100000| Untracked 
|  14|0x00000000c2200000, 0x00000000c2300000, 0x00000000c2300000|100%| O|  |TAMS 0x00000000c2300000, 0x00000000c2200000| Untracked 
|  15|0x00000000c2300000, 0x00000000c2400000, 0x00000000c2400000|100%| O|  |TAMS 0x00000000c2300000, 0x00000000c2300000| Untracked 
|  16|0x00000000c2400000, 0x00000000c2500000, 0x00000000c2500000|100%| O|  |TAMS 0x00000000c2500000, 0x00000000c2400000| Untracked 
|  17|0x00000000c2500000, 0x00000000c2600000, 0x00000000c2600000|100%| O|  |TAMS 0x00000000c2600000, 0x00000000c2500000| Untracked 
|  18|0x00000000c2600000, 0x00000000c2700000, 0x00000000c2700000|100%| O|  |TAMS 0x00000000c2700000, 0x00000000c2600000| Untracked 
|  19|0x00000000c2700000, 0x00000000c2800000, 0x00000000c2800000|100%| O|  |TAMS 0x00000000c2800000, 0x00000000c2700000| Untracked 
|  20|0x00000000c2800000, 0x00000000c2800000, 0x00000000c2900000|  0%| F|  |TAMS 0x00000000c2800000, 0x00000000c2800000| Untracked 
|  21|0x00000000c2900000, 0x00000000c2900000, 0x00000000c2a00000|  0%| F|  |TAMS 0x00000000c2900000, 0x00000000c2900000| Untracked 
|  22|0x00000000c2a00000, 0x00000000c2b00000, 0x00000000c2b00000|100%| O|  |TAMS 0x00000000c2b00000, 0x00000000c2a00000| Untracked 
|  23|0x00000000c2b00000, 0x00000000c2c00000, 0x00000000c2c00000|100%| O|  |TAMS 0x00000000c2c00000, 0x00000000c2b00000| Untracked 
|  24|0x00000000c2c00000, 0x00000000c2d00000, 0x00000000c2d00000|100%| O|  |TAMS 0x00000000c2d00000, 0x00000000c2c00000| Untracked 
|  25|0x00000000c2d00000, 0x00000000c2e00000, 0x00000000c2e00000|100%| O|  |TAMS 0x00000000c2e00000, 0x00000000c2d00000| Untracked 
|  26|0x00000000c2e00000, 0x00000000c2f00000, 0x00000000c2f00000|100%| O|  |TAMS 0x00000000c2f00000, 0x00000000c2e00000| Untracked 
|  27|0x00000000c2f00000, 0x00000000c3000000, 0x00000000c3000000|100%| O|  |TAMS 0x00000000c3000000, 0x00000000c2f00000| Untracked 
|  28|0x00000000c3000000, 0x00000000c3100000, 0x00000000c3100000|100%| O|  |TAMS 0x00000000c3100000, 0x00000000c3000000| Untracked 
|  29|0x00000000c3100000, 0x00000000c3200000, 0x00000000c3200000|100%| O|  |TAMS 0x00000000c3200000, 0x00000000c3100000| Untracked 
|  30|0x00000000c3200000, 0x00000000c3300000, 0x00000000c3300000|100%| O|  |TAMS 0x00000000c3300000, 0x00000000c3200000| Untracked 
|  31|0x00000000c3300000, 0x00000000c3400000, 0x00000000c3400000|100%| O|  |TAMS 0x00000000c3400000, 0x00000000c3300000| Untracked 
|  32|0x00000000c3400000, 0x00000000c3500000, 0x00000000c3500000|100%| O|  |TAMS 0x00000000c3500000, 0x00000000c3400000| Untracked 
|  33|0x00000000c3500000, 0x00000000c3600000, 0x00000000c3600000|100%| O|  |TAMS 0x00000000c3600000, 0x00000000c3500000| Untracked 
|  34|0x00000000c3600000, 0x00000000c3700000, 0x00000000c3700000|100%| O|  |TAMS 0x00000000c3700000, 0x00000000c3600000| Untracked 
|  35|0x00000000c3700000, 0x00000000c3800000, 0x00000000c3800000|100%| O|  |TAMS 0x00000000c3800000, 0x00000000c3700000| Untracked 
|  36|0x00000000c3800000, 0x00000000c3900000, 0x00000000c3900000|100%| O|  |TAMS 0x00000000c3900000, 0x00000000c3800000| Untracked 
|  37|0x00000000c3900000, 0x00000000c3a00000, 0x00000000c3a00000|100%| O|  |TAMS 0x00000000c3900000, 0x00000000c3900000| Untracked 
|  38|0x00000000c3a00000, 0x00000000c3b00000, 0x00000000c3b00000|100%| O|  |TAMS 0x00000000c3a00000, 0x00000000c3a00000| Untracked 
|  39|0x00000000c3b00000, 0x00000000c3c00000, 0x00000000c3c00000|100%| O|  |TAMS 0x00000000c3b00000, 0x00000000c3b00000| Untracked 
|  40|0x00000000c3c00000, 0x00000000c3d00000, 0x00000000c3d00000|100%| O|  |TAMS 0x00000000c3c00000, 0x00000000c3c00000| Untracked 
|  41|0x00000000c3d00000, 0x00000000c3e00000, 0x00000000c3e00000|100%| O|  |TAMS 0x00000000c3d00000, 0x00000000c3d00000| Untracked 
|  42|0x00000000c3e00000, 0x00000000c3f00000, 0x00000000c3f00000|100%| O|  |TAMS 0x00000000c3e00000, 0x00000000c3e00000| Untracked 
|  43|0x00000000c3f00000, 0x00000000c4000000, 0x00000000c4000000|100%| O|  |TAMS 0x00000000c3f00000, 0x00000000c3f00000| Untracked 
|  44|0x00000000c4000000, 0x00000000c4100000, 0x00000000c4100000|100%| O|  |TAMS 0x00000000c4000000, 0x00000000c4000000| Untracked 
|  45|0x00000000c4100000, 0x00000000c4200000, 0x00000000c4200000|100%| O|  |TAMS 0x00000000c4100000, 0x00000000c4100000| Untracked 
|  46|0x00000000c4200000, 0x00000000c4300000, 0x00000000c4300000|100%| O|  |TAMS 0x00000000c4200000, 0x00000000c4200000| Untracked 
|  47|0x00000000c4300000, 0x00000000c4400000, 0x00000000c4400000|100%| O|  |TAMS 0x00000000c4300000, 0x00000000c4300000| Untracked 
|  48|0x00000000c4400000, 0x00000000c4500000, 0x00000000c4500000|100%| O|  |TAMS 0x00000000c4400000, 0x00000000c4400000| Untracked 
|  49|0x00000000c4500000, 0x00000000c4600000, 0x00000000c4600000|100%| O|  |TAMS 0x00000000c4500000, 0x00000000c4500000| Untracked 
|  50|0x00000000c4600000, 0x00000000c4700000, 0x00000000c4700000|100%| O|  |TAMS 0x00000000c4600000, 0x00000000c4600000| Untracked 
|  51|0x00000000c4700000, 0x00000000c4800000, 0x00000000c4800000|100%| O|  |TAMS 0x00000000c4700000, 0x00000000c4700000| Untracked 
|  52|0x00000000c4800000, 0x00000000c4900000, 0x00000000c4900000|100%| O|  |TAMS 0x00000000c4800000, 0x00000000c4800000| Untracked 
|  53|0x00000000c4900000, 0x00000000c4a00000, 0x00000000c4a00000|100%| O|  |TAMS 0x00000000c4900000, 0x00000000c4900000| Untracked 
|  54|0x00000000c4a00000, 0x00000000c4b00000, 0x00000000c4b00000|100%| O|  |TAMS 0x00000000c4a00000, 0x00000000c4a00000| Untracked 
|  55|0x00000000c4b00000, 0x00000000c4c00000, 0x00000000c4c00000|100%| O|  |TAMS 0x00000000c4b00000, 0x00000000c4b00000| Untracked 
|  56|0x00000000c4c00000, 0x00000000c4d00000, 0x00000000c4d00000|100%| O|  |TAMS 0x00000000c4c00000, 0x00000000c4c00000| Untracked 
|  57|0x00000000c4d00000, 0x00000000c4e00000, 0x00000000c4e00000|100%| O|  |TAMS 0x00000000c4d00000, 0x00000000c4d00000| Untracked 
|  58|0x00000000c4e00000, 0x00000000c4f00000, 0x00000000c4f00000|100%| O|  |TAMS 0x00000000c4e00000, 0x00000000c4e00000| Untracked 
|  59|0x00000000c4f00000, 0x00000000c5000000, 0x00000000c5000000|100%| O|  |TAMS 0x00000000c4f00000, 0x00000000c4f00000| Untracked 
|  60|0x00000000c5000000, 0x00000000c5100000, 0x00000000c5100000|100%| O|  |TAMS 0x00000000c5000000, 0x00000000c5000000| Untracked 
|  61|0x00000000c5100000, 0x00000000c5200000, 0x00000000c5200000|100%| O|  |TAMS 0x00000000c5100000, 0x00000000c5100000| Untracked 
|  62|0x00000000c5200000, 0x00000000c5300000, 0x00000000c5300000|100%| O|  |TAMS 0x00000000c5200000, 0x00000000c5200000| Untracked 
|  63|0x00000000c5300000, 0x00000000c5400000, 0x00000000c5400000|100%| O|  |TAMS 0x00000000c5300000, 0x00000000c5300000| Untracked 
|  64|0x00000000c5400000, 0x00000000c5500000, 0x00000000c5500000|100%| O|  |TAMS 0x00000000c5400000, 0x00000000c5400000| Untracked 
|  65|0x00000000c5500000, 0x00000000c5600000, 0x00000000c5600000|100%| O|  |TAMS 0x00000000c5500000, 0x00000000c5500000| Untracked 
|  66|0x00000000c5600000, 0x00000000c5700000, 0x00000000c5700000|100%| O|  |TAMS 0x00000000c5600000, 0x00000000c5600000| Untracked 
|  67|0x00000000c5700000, 0x00000000c5800000, 0x00000000c5800000|100%| O|  |TAMS 0x00000000c5700000, 0x00000000c5700000| Untracked 
|  68|0x00000000c5800000, 0x00000000c5900000, 0x00000000c5900000|100%| O|  |TAMS 0x00000000c5800000, 0x00000000c5800000| Untracked 
|  69|0x00000000c5900000, 0x00000000c5a00000, 0x00000000c5a00000|100%| O|  |TAMS 0x00000000c5900000, 0x00000000c5900000| Untracked 
|  70|0x00000000c5a00000, 0x00000000c5b00000, 0x00000000c5b00000|100%| O|  |TAMS 0x00000000c5a00000, 0x00000000c5a00000| Untracked 
|  71|0x00000000c5b00000, 0x00000000c5c00000, 0x00000000c5c00000|100%| O|  |TAMS 0x00000000c5b00000, 0x00000000c5b00000| Untracked 
|  72|0x00000000c5c00000, 0x00000000c5d00000, 0x00000000c5d00000|100%| O|  |TAMS 0x00000000c5c00000, 0x00000000c5c00000| Untracked 
|  73|0x00000000c5d00000, 0x00000000c5e00000, 0x00000000c5e00000|100%| O|  |TAMS 0x00000000c5d00000, 0x00000000c5d00000| Untracked 
|  74|0x00000000c5e00000, 0x00000000c5f00000, 0x00000000c5f00000|100%| O|  |TAMS 0x00000000c5e00000, 0x00000000c5e00000| Untracked 
|  75|0x00000000c5f00000, 0x00000000c6000000, 0x00000000c6000000|100%| O|  |TAMS 0x00000000c5f00000, 0x00000000c5f00000| Untracked 
|  76|0x00000000c6000000, 0x00000000c6035200, 0x00000000c6100000| 20%| O|  |TAMS 0x00000000c6000000, 0x00000000c6000000| Untracked 
|  77|0x00000000c6100000, 0x00000000c6100000, 0x00000000c6200000|  0%| F|  |TAMS 0x00000000c6100000, 0x00000000c6100000| Untracked 
|  78|0x00000000c6200000, 0x00000000c6200000, 0x00000000c6300000|  0%| F|  |TAMS 0x00000000c6200000, 0x00000000c6200000| Untracked 
|  79|0x00000000c6300000, 0x00000000c6300000, 0x00000000c6400000|  0%| F|  |TAMS 0x00000000c6300000, 0x00000000c6300000| Untracked 
|  80|0x00000000c6400000, 0x00000000c6400000, 0x00000000c6500000|  0%| F|  |TAMS 0x00000000c6400000, 0x00000000c6400000| Untracked 
|  81|0x00000000c6500000, 0x00000000c6500000, 0x00000000c6600000|  0%| F|  |TAMS 0x00000000c6500000, 0x00000000c6500000| Untracked 
|  82|0x00000000c6600000, 0x00000000c6600000, 0x00000000c6700000|  0%| F|  |TAMS 0x00000000c6600000, 0x00000000c6600000| Untracked 
|  83|0x00000000c6700000, 0x00000000c6700000, 0x00000000c6800000|  0%| F|  |TAMS 0x00000000c6700000, 0x00000000c6700000| Untracked 
|  84|0x00000000c6800000, 0x00000000c6800000, 0x00000000c6900000|  0%| F|  |TAMS 0x00000000c6800000, 0x00000000c6800000| Untracked 
|  85|0x00000000c6900000, 0x00000000c6900000, 0x00000000c6a00000|  0%| F|  |TAMS 0x00000000c6900000, 0x00000000c6900000| Untracked 
|  86|0x00000000c6a00000, 0x00000000c6a00000, 0x00000000c6b00000|  0%| F|  |TAMS 0x00000000c6a00000, 0x00000000c6a00000| Untracked 
|  87|0x00000000c6b00000, 0x00000000c6b00000, 0x00000000c6c00000|  0%| F|  |TAMS 0x00000000c6b00000, 0x00000000c6b00000| Untracked 
|  88|0x00000000c6c00000, 0x00000000c6c00000, 0x00000000c6d00000|  0%| F|  |TAMS 0x00000000c6c00000, 0x00000000c6c00000| Untracked 
|  89|0x00000000c6d00000, 0x00000000c6d00000, 0x00000000c6e00000|  0%| F|  |TAMS 0x00000000c6d00000, 0x00000000c6d00000| Untracked 
|  90|0x00000000c6e00000, 0x00000000c6e00000, 0x00000000c6f00000|  0%| F|  |TAMS 0x00000000c6e00000, 0x00000000c6e00000| Untracked 
|  91|0x00000000c6f00000, 0x00000000c6f00000, 0x00000000c7000000|  0%| F|  |TAMS 0x00000000c6f00000, 0x00000000c6f00000| Untracked 
|  92|0x00000000c7000000, 0x00000000c7000000, 0x00000000c7100000|  0%| F|  |TAMS 0x00000000c7000000, 0x00000000c7000000| Untracked 
|  93|0x00000000c7100000, 0x00000000c7100000, 0x00000000c7200000|  0%| F|  |TAMS 0x00000000c7100000, 0x00000000c7100000| Untracked 
|  94|0x00000000c7200000, 0x00000000c7200000, 0x00000000c7300000|  0%| F|  |TAMS 0x00000000c7200000, 0x00000000c7200000| Untracked 
|  95|0x00000000c7300000, 0x00000000c7300000, 0x00000000c7400000|  0%| F|  |TAMS 0x00000000c7300000, 0x00000000c7300000| Untracked 
|  96|0x00000000c7400000, 0x00000000c7400000, 0x00000000c7500000|  0%| F|  |TAMS 0x00000000c7400000, 0x00000000c7400000| Untracked 
|  97|0x00000000c7500000, 0x00000000c7500000, 0x00000000c7600000|  0%| F|  |TAMS 0x00000000c7500000, 0x00000000c7500000| Untracked 
|  98|0x00000000c7600000, 0x00000000c7600000, 0x00000000c7700000|  0%| F|  |TAMS 0x00000000c7600000, 0x00000000c7600000| Untracked 
|  99|0x00000000c7700000, 0x00000000c7700000, 0x00000000c7800000|  0%| F|  |TAMS 0x00000000c7700000, 0x00000000c7700000| Untracked 
| 100|0x00000000c7800000, 0x00000000c78ca248, 0x00000000c7900000| 78%| S|CS|TAMS 0x00000000c7800000, 0x00000000c7800000| Complete 
| 101|0x00000000c7900000, 0x00000000c7a00000, 0x00000000c7a00000|100%| S|CS|TAMS 0x00000000c7900000, 0x00000000c7900000| Complete 
| 102|0x00000000c7a00000, 0x00000000c7b00000, 0x00000000c7b00000|100%| S|CS|TAMS 0x00000000c7a00000, 0x00000000c7a00000| Complete 
| 103|0x00000000c7b00000, 0x00000000c7b00000, 0x00000000c7c00000|  0%| F|  |TAMS 0x00000000c7b00000, 0x00000000c7b00000| Untracked 
| 104|0x00000000c7c00000, 0x00000000c7c00000, 0x00000000c7d00000|  0%| F|  |TAMS 0x00000000c7c00000, 0x00000000c7c00000| Untracked 
| 105|0x00000000c7d00000, 0x00000000c7d00000, 0x00000000c7e00000|  0%| F|  |TAMS 0x00000000c7d00000, 0x00000000c7d00000| Untracked 
| 106|0x00000000c7e00000, 0x00000000c7e00000, 0x00000000c7f00000|  0%| F|  |TAMS 0x00000000c7e00000, 0x00000000c7e00000| Untracked 
| 107|0x00000000c7f00000, 0x00000000c7f00000, 0x00000000c8000000|  0%| F|  |TAMS 0x00000000c7f00000, 0x00000000c7f00000| Untracked 
| 108|0x00000000c8000000, 0x00000000c8000000, 0x00000000c8100000|  0%| F|  |TAMS 0x00000000c8000000, 0x00000000c8000000| Untracked 
| 109|0x00000000c8100000, 0x00000000c8100000, 0x00000000c8200000|  0%| F|  |TAMS 0x00000000c8100000, 0x00000000c8100000| Untracked 
| 110|0x00000000c8200000, 0x00000000c8200000, 0x00000000c8300000|  0%| F|  |TAMS 0x00000000c8200000, 0x00000000c8200000| Untracked 
| 111|0x00000000c8300000, 0x00000000c8300000, 0x00000000c8400000|  0%| F|  |TAMS 0x00000000c8300000, 0x00000000c8300000| Untracked 
| 112|0x00000000c8400000, 0x00000000c8400000, 0x00000000c8500000|  0%| F|  |TAMS 0x00000000c8400000, 0x00000000c8400000| Untracked 
| 113|0x00000000c8500000, 0x00000000c8500000, 0x00000000c8600000|  0%| F|  |TAMS 0x00000000c8500000, 0x00000000c8500000| Untracked 
| 114|0x00000000c8600000, 0x00000000c8600000, 0x00000000c8700000|  0%| F|  |TAMS 0x00000000c8600000, 0x00000000c8600000| Untracked 
| 115|0x00000000c8700000, 0x00000000c8700000, 0x00000000c8800000|  0%| F|  |TAMS 0x00000000c8700000, 0x00000000c8700000| Untracked 
| 116|0x00000000c8800000, 0x00000000c8800000, 0x00000000c8900000|  0%| F|  |TAMS 0x00000000c8800000, 0x00000000c8800000| Untracked 
| 117|0x00000000c8900000, 0x00000000c8900000, 0x00000000c8a00000|  0%| F|  |TAMS 0x00000000c8900000, 0x00000000c8900000| Untracked 
| 118|0x00000000c8a00000, 0x00000000c8a00000, 0x00000000c8b00000|  0%| F|  |TAMS 0x00000000c8a00000, 0x00000000c8a00000| Untracked 
| 119|0x00000000c8b00000, 0x00000000c8b00000, 0x00000000c8c00000|  0%| F|  |TAMS 0x00000000c8b00000, 0x00000000c8b00000| Untracked 
| 120|0x00000000c8c00000, 0x00000000c8c00000, 0x00000000c8d00000|  0%| F|  |TAMS 0x00000000c8c00000, 0x00000000c8c00000| Untracked 
| 121|0x00000000c8d00000, 0x00000000c8d00000, 0x00000000c8e00000|  0%| F|  |TAMS 0x00000000c8d00000, 0x00000000c8d00000| Untracked 
| 122|0x00000000c8e00000, 0x00000000c8e00000, 0x00000000c8f00000|  0%| F|  |TAMS 0x00000000c8e00000, 0x00000000c8e00000| Untracked 
| 123|0x00000000c8f00000, 0x00000000c8f00000, 0x00000000c9000000|  0%| F|  |TAMS 0x00000000c8f00000, 0x00000000c8f00000| Untracked 
| 124|0x00000000c9000000, 0x00000000c9000000, 0x00000000c9100000|  0%| F|  |TAMS 0x00000000c9000000, 0x00000000c9000000| Untracked 
| 125|0x00000000c9100000, 0x00000000c9100000, 0x00000000c9200000|  0%| F|  |TAMS 0x00000000c9100000, 0x00000000c9100000| Untracked 
| 126|0x00000000c9200000, 0x00000000c9200000, 0x00000000c9300000|  0%| F|  |TAMS 0x00000000c9200000, 0x00000000c9200000| Untracked 
| 127|0x00000000c9300000, 0x00000000c9300000, 0x00000000c9400000|  0%| F|  |TAMS 0x00000000c9300000, 0x00000000c9300000| Untracked 
| 128|0x00000000c9400000, 0x00000000c9400000, 0x00000000c9500000|  0%| F|  |TAMS 0x00000000c9400000, 0x00000000c9400000| Untracked 
| 129|0x00000000c9500000, 0x00000000c9500000, 0x00000000c9600000|  0%| F|  |TAMS 0x00000000c9500000, 0x00000000c9500000| Untracked 
| 130|0x00000000c9600000, 0x00000000c9600000, 0x00000000c9700000|  0%| F|  |TAMS 0x00000000c9600000, 0x00000000c9600000| Untracked 
| 131|0x00000000c9700000, 0x00000000c9700000, 0x00000000c9800000|  0%| F|  |TAMS 0x00000000c9700000, 0x00000000c9700000| Untracked 
| 132|0x00000000c9800000, 0x00000000c9800000, 0x00000000c9900000|  0%| F|  |TAMS 0x00000000c9800000, 0x00000000c9800000| Untracked 
| 133|0x00000000c9900000, 0x00000000c9900000, 0x00000000c9a00000|  0%| F|  |TAMS 0x00000000c9900000, 0x00000000c9900000| Untracked 
| 134|0x00000000c9a00000, 0x00000000c9a00000, 0x00000000c9b00000|  0%| F|  |TAMS 0x00000000c9a00000, 0x00000000c9a00000| Untracked 
| 135|0x00000000c9b00000, 0x00000000c9b00000, 0x00000000c9c00000|  0%| F|  |TAMS 0x00000000c9b00000, 0x00000000c9b00000| Untracked 
| 136|0x00000000c9c00000, 0x00000000c9c00000, 0x00000000c9d00000|  0%| F|  |TAMS 0x00000000c9c00000, 0x00000000c9c00000| Untracked 
| 137|0x00000000c9d00000, 0x00000000c9d00000, 0x00000000c9e00000|  0%| F|  |TAMS 0x00000000c9d00000, 0x00000000c9d00000| Untracked 
| 138|0x00000000c9e00000, 0x00000000c9e00000, 0x00000000c9f00000|  0%| F|  |TAMS 0x00000000c9e00000, 0x00000000c9e00000| Untracked 
| 139|0x00000000c9f00000, 0x00000000c9f00000, 0x00000000ca000000|  0%| F|  |TAMS 0x00000000c9f00000, 0x00000000c9f00000| Untracked 
| 140|0x00000000ca000000, 0x00000000ca000000, 0x00000000ca100000|  0%| F|  |TAMS 0x00000000ca000000, 0x00000000ca000000| Untracked 
| 141|0x00000000ca100000, 0x00000000ca100000, 0x00000000ca200000|  0%| F|  |TAMS 0x00000000ca100000, 0x00000000ca100000| Untracked 
| 142|0x00000000ca200000, 0x00000000ca200000, 0x00000000ca300000|  0%| F|  |TAMS 0x00000000ca200000, 0x00000000ca200000| Untracked 
| 143|0x00000000ca300000, 0x00000000ca300000, 0x00000000ca400000|  0%| F|  |TAMS 0x00000000ca300000, 0x00000000ca300000| Untracked 
| 144|0x00000000ca400000, 0x00000000ca400000, 0x00000000ca500000|  0%| F|  |TAMS 0x00000000ca400000, 0x00000000ca400000| Untracked 
| 145|0x00000000ca500000, 0x00000000ca500000, 0x00000000ca600000|  0%| F|  |TAMS 0x00000000ca500000, 0x00000000ca500000| Untracked 
| 146|0x00000000ca600000, 0x00000000ca600000, 0x00000000ca700000|  0%| F|  |TAMS 0x00000000ca600000, 0x00000000ca600000| Untracked 
| 147|0x00000000ca700000, 0x00000000ca700000, 0x00000000ca800000|  0%| F|  |TAMS 0x00000000ca700000, 0x00000000ca700000| Untracked 
| 148|0x00000000ca800000, 0x00000000ca800000, 0x00000000ca900000|  0%| F|  |TAMS 0x00000000ca800000, 0x00000000ca800000| Untracked 
| 149|0x00000000ca900000, 0x00000000ca900000, 0x00000000caa00000|  0%| F|  |TAMS 0x00000000ca900000, 0x00000000ca900000| Untracked 
| 150|0x00000000caa00000, 0x00000000caa00000, 0x00000000cab00000|  0%| F|  |TAMS 0x00000000caa00000, 0x00000000caa00000| Untracked 
| 151|0x00000000cab00000, 0x00000000cab00000, 0x00000000cac00000|  0%| F|  |TAMS 0x00000000cab00000, 0x00000000cab00000| Untracked 
| 152|0x00000000cac00000, 0x00000000cac00000, 0x00000000cad00000|  0%| F|  |TAMS 0x00000000cac00000, 0x00000000cac00000| Untracked 
| 153|0x00000000cad00000, 0x00000000cad00000, 0x00000000cae00000|  0%| F|  |TAMS 0x00000000cad00000, 0x00000000cad00000| Untracked 
| 154|0x00000000cae00000, 0x00000000cae00000, 0x00000000caf00000|  0%| F|  |TAMS 0x00000000cae00000, 0x00000000cae00000| Untracked 
| 155|0x00000000caf00000, 0x00000000caf00000, 0x00000000cb000000|  0%| F|  |TAMS 0x00000000caf00000, 0x00000000caf00000| Untracked 
| 156|0x00000000cb000000, 0x00000000cb000000, 0x00000000cb100000|  0%| F|  |TAMS 0x00000000cb000000, 0x00000000cb000000| Untracked 
| 157|0x00000000cb100000, 0x00000000cb100000, 0x00000000cb200000|  0%| F|  |TAMS 0x00000000cb100000, 0x00000000cb100000| Untracked 
| 158|0x00000000cb200000, 0x00000000cb200000, 0x00000000cb300000|  0%| F|  |TAMS 0x00000000cb200000, 0x00000000cb200000| Untracked 
| 159|0x00000000cb300000, 0x00000000cb300000, 0x00000000cb400000|  0%| F|  |TAMS 0x00000000cb300000, 0x00000000cb300000| Untracked 
| 160|0x00000000cb400000, 0x00000000cb400000, 0x00000000cb500000|  0%| F|  |TAMS 0x00000000cb400000, 0x00000000cb400000| Untracked 
| 161|0x00000000cb500000, 0x00000000cb500000, 0x00000000cb600000|  0%| F|  |TAMS 0x00000000cb500000, 0x00000000cb500000| Untracked 
| 162|0x00000000cb600000, 0x00000000cb600000, 0x00000000cb700000|  0%| F|  |TAMS 0x00000000cb600000, 0x00000000cb600000| Untracked 
| 163|0x00000000cb700000, 0x00000000cb700000, 0x00000000cb800000|  0%| F|  |TAMS 0x00000000cb700000, 0x00000000cb700000| Untracked 
| 164|0x00000000cb800000, 0x00000000cb800000, 0x00000000cb900000|  0%| F|  |TAMS 0x00000000cb800000, 0x00000000cb800000| Untracked 
| 165|0x00000000cb900000, 0x00000000cb900000, 0x00000000cba00000|  0%| F|  |TAMS 0x00000000cb900000, 0x00000000cb900000| Untracked 
| 166|0x00000000cba00000, 0x00000000cba00000, 0x00000000cbb00000|  0%| F|  |TAMS 0x00000000cba00000, 0x00000000cba00000| Untracked 
| 167|0x00000000cbb00000, 0x00000000cbb00000, 0x00000000cbc00000|  0%| F|  |TAMS 0x00000000cbb00000, 0x00000000cbb00000| Untracked 
| 168|0x00000000cbc00000, 0x00000000cbc00000, 0x00000000cbd00000|  0%| F|  |TAMS 0x00000000cbc00000, 0x00000000cbc00000| Untracked 
| 169|0x00000000cbd00000, 0x00000000cbd00000, 0x00000000cbe00000|  0%| F|  |TAMS 0x00000000cbd00000, 0x00000000cbd00000| Untracked 
| 170|0x00000000cbe00000, 0x00000000cbe00000, 0x00000000cbf00000|  0%| F|  |TAMS 0x00000000cbe00000, 0x00000000cbe00000| Untracked 
| 171|0x00000000cbf00000, 0x00000000cbf00000, 0x00000000cc000000|  0%| F|  |TAMS 0x00000000cbf00000, 0x00000000cbf00000| Untracked 
| 172|0x00000000cc000000, 0x00000000cc000000, 0x00000000cc100000|  0%| F|  |TAMS 0x00000000cc000000, 0x00000000cc000000| Untracked 
| 173|0x00000000cc100000, 0x00000000cc100000, 0x00000000cc200000|  0%| F|  |TAMS 0x00000000cc100000, 0x00000000cc100000| Untracked 
| 174|0x00000000cc200000, 0x00000000cc200000, 0x00000000cc300000|  0%| F|  |TAMS 0x00000000cc200000, 0x00000000cc200000| Untracked 
| 175|0x00000000cc300000, 0x00000000cc300000, 0x00000000cc400000|  0%| F|  |TAMS 0x00000000cc300000, 0x00000000cc300000| Untracked 
| 176|0x00000000cc400000, 0x00000000cc400000, 0x00000000cc500000|  0%| F|  |TAMS 0x00000000cc400000, 0x00000000cc400000| Untracked 
| 177|0x00000000cc500000, 0x00000000cc500000, 0x00000000cc600000|  0%| F|  |TAMS 0x00000000cc500000, 0x00000000cc500000| Untracked 
| 178|0x00000000cc600000, 0x00000000cc600000, 0x00000000cc700000|  0%| F|  |TAMS 0x00000000cc600000, 0x00000000cc600000| Untracked 
| 179|0x00000000cc700000, 0x00000000cc700000, 0x00000000cc800000|  0%| F|  |TAMS 0x00000000cc700000, 0x00000000cc700000| Untracked 
| 180|0x00000000cc800000, 0x00000000cc800000, 0x00000000cc900000|  0%| F|  |TAMS 0x00000000cc800000, 0x00000000cc800000| Untracked 
| 181|0x00000000cc900000, 0x00000000cc900000, 0x00000000cca00000|  0%| F|  |TAMS 0x00000000cc900000, 0x00000000cc900000| Untracked 
| 182|0x00000000cca00000, 0x00000000cca00000, 0x00000000ccb00000|  0%| F|  |TAMS 0x00000000cca00000, 0x00000000cca00000| Untracked 
| 183|0x00000000ccb00000, 0x00000000ccb00000, 0x00000000ccc00000|  0%| F|  |TAMS 0x00000000ccb00000, 0x00000000ccb00000| Untracked 
| 184|0x00000000ccc00000, 0x00000000ccc00000, 0x00000000ccd00000|  0%| F|  |TAMS 0x00000000ccc00000, 0x00000000ccc00000| Untracked 
| 185|0x00000000ccd00000, 0x00000000ccd00000, 0x00000000cce00000|  0%| F|  |TAMS 0x00000000ccd00000, 0x00000000ccd00000| Untracked 
| 186|0x00000000cce00000, 0x00000000cce00000, 0x00000000ccf00000|  0%| F|  |TAMS 0x00000000cce00000, 0x00000000cce00000| Untracked 
| 187|0x00000000ccf00000, 0x00000000ccf00000, 0x00000000cd000000|  0%| F|  |TAMS 0x00000000ccf00000, 0x00000000ccf00000| Untracked 
| 188|0x00000000cd000000, 0x00000000cd000000, 0x00000000cd100000|  0%| F|  |TAMS 0x00000000cd000000, 0x00000000cd000000| Untracked 
| 189|0x00000000cd100000, 0x00000000cd100000, 0x00000000cd200000|  0%| F|  |TAMS 0x00000000cd100000, 0x00000000cd100000| Untracked 
| 190|0x00000000cd200000, 0x00000000cd200000, 0x00000000cd300000|  0%| F|  |TAMS 0x00000000cd200000, 0x00000000cd200000| Untracked 
| 191|0x00000000cd300000, 0x00000000cd300000, 0x00000000cd400000|  0%| F|  |TAMS 0x00000000cd300000, 0x00000000cd300000| Untracked 
| 192|0x00000000cd400000, 0x00000000cd400000, 0x00000000cd500000|  0%| F|  |TAMS 0x00000000cd400000, 0x00000000cd400000| Untracked 
| 193|0x00000000cd500000, 0x00000000cd500000, 0x00000000cd600000|  0%| F|  |TAMS 0x00000000cd500000, 0x00000000cd500000| Untracked 
| 194|0x00000000cd600000, 0x00000000cd600000, 0x00000000cd700000|  0%| F|  |TAMS 0x00000000cd600000, 0x00000000cd600000| Untracked 
| 195|0x00000000cd700000, 0x00000000cd700000, 0x00000000cd800000|  0%| F|  |TAMS 0x00000000cd700000, 0x00000000cd700000| Untracked 
| 196|0x00000000cd800000, 0x00000000cd800000, 0x00000000cd900000|  0%| F|  |TAMS 0x00000000cd800000, 0x00000000cd800000| Untracked 
| 197|0x00000000cd900000, 0x00000000cd900000, 0x00000000cda00000|  0%| F|  |TAMS 0x00000000cd900000, 0x00000000cd900000| Untracked 
| 198|0x00000000cda00000, 0x00000000cda00000, 0x00000000cdb00000|  0%| F|  |TAMS 0x00000000cda00000, 0x00000000cda00000| Untracked 
| 199|0x00000000cdb00000, 0x00000000cdb00000, 0x00000000cdc00000|  0%| F|  |TAMS 0x00000000cdb00000, 0x00000000cdb00000| Untracked 
| 200|0x00000000cdc00000, 0x00000000cdc00000, 0x00000000cdd00000|  0%| F|  |TAMS 0x00000000cdc00000, 0x00000000cdc00000| Untracked 
| 201|0x00000000cdd00000, 0x00000000cdd00000, 0x00000000cde00000|  0%| F|  |TAMS 0x00000000cdd00000, 0x00000000cdd00000| Untracked 
| 202|0x00000000cde00000, 0x00000000cde00000, 0x00000000cdf00000|  0%| F|  |TAMS 0x00000000cde00000, 0x00000000cde00000| Untracked 
| 203|0x00000000cdf00000, 0x00000000cdf00000, 0x00000000ce000000|  0%| F|  |TAMS 0x00000000cdf00000, 0x00000000cdf00000| Untracked 
| 204|0x00000000ce000000, 0x00000000ce000000, 0x00000000ce100000|  0%| F|  |TAMS 0x00000000ce000000, 0x00000000ce000000| Untracked 
| 205|0x00000000ce100000, 0x00000000ce100000, 0x00000000ce200000|  0%| F|  |TAMS 0x00000000ce100000, 0x00000000ce100000| Untracked 
| 206|0x00000000ce200000, 0x00000000ce200000, 0x00000000ce300000|  0%| F|  |TAMS 0x00000000ce200000, 0x00000000ce200000| Untracked 
| 207|0x00000000ce300000, 0x00000000ce300000, 0x00000000ce400000|  0%| F|  |TAMS 0x00000000ce300000, 0x00000000ce300000| Untracked 
| 208|0x00000000ce400000, 0x00000000ce400000, 0x00000000ce500000|  0%| F|  |TAMS 0x00000000ce400000, 0x00000000ce400000| Untracked 
|1003|0x00000000fff00000, 0x0000000100000000, 0x0000000100000000|100%| O|  |TAMS 0x0000000100000000, 0x00000000fff00000| Untracked 

Card table byte_map: [0x0000017844390000,0x0000017844590000] _byte_map_base: 0x0000017843d86000

Marking Bits (Prev, Next): (CMBitMap*) 0x0000017831cea240, (CMBitMap*) 0x0000017831cea200
 Prev Bits: [0x0000017845740000, 0x00000178466f0000)
 Next Bits: [0x0000017844790000, 0x0000017845740000)

Polling page: 0x000001782fa80000

Metaspace:

Usage:
  Non-class:     75.50 MB used.
      Class:      9.12 MB used.
       Both:     84.62 MB used.

Virtual space:
  Non-class space:      128.00 MB reserved,      75.69 MB ( 59%) committed,  2 nodes.
      Class space:        1.00 GB reserved,       9.31 MB ( <1%) committed,  1 nodes.
             Both:        1.12 GB reserved,      85.00 MB (  7%) committed. 

Chunk freelists:
   Non-Class:  3.45 MB
       Class:  6.72 MB
        Both:  10.17 MB

MaxMetaspaceSize: unlimited
CompressedClassSpaceSize: 1.00 GB
Initial GC threshold: 21.00 MB
Current GC threshold: 85.44 MB
CDS: off
MetaspaceReclaimPolicy: balanced
 - commit_granule_bytes: 65536.
 - commit_granule_words: 8192.
 - virtual_space_node_default_size: 8388608.
 - enlarge_chunks_in_place: 1.
 - new_chunks_are_fully_committed: 0.
 - uncommit_free_chunks: 1.
 - use_allocation_guard: 0.
 - handle_deallocations: 1.


Internal statistics:

num_allocs_failed_limit: 3.
num_arena_births: 430.
num_arena_deaths: 0.
num_vsnodes_births: 3.
num_vsnodes_deaths: 0.
num_space_committed: 1358.
num_space_uncommitted: 0.
num_chunks_returned_to_freelist: 3.
num_chunks_taken_from_freelist: 3208.
num_chunk_merges: 3.
num_chunk_splits: 2656.
num_chunks_enlarged: 2328.
num_inconsistent_stats: 0.

CodeHeap 'non-profiled nmethods': size=120000Kb used=4688Kb max_used=4750Kb free=115311Kb
 bounds [0x000001783cc60000, 0x000001783d110000, 0x0000017844190000]
CodeHeap 'profiled nmethods': size=120000Kb used=35460Kb max_used=35460Kb free=84539Kb
 bounds [0x0000017835190000, 0x0000017837440000, 0x000001783c6c0000]
CodeHeap 'non-nmethods': size=5760Kb used=1407Kb max_used=1473Kb free=4352Kb
 bounds [0x000001783c6c0000, 0x000001783c930000, 0x000001783cc60000]
 total_blobs=13723 nmethods=12981 adapters=650
 compilation: enabled
              stopped_count=0, restarted_count=0
 full_count=0

Compilation events (20 events):
Event: 30.212 Thread 0x0000017848bf6190 nmethod 15036 0x000001783742e990 code [0x000001783742eb20, 0x000001783742ec98]
Event: 30.213 Thread 0x0000017848bf6190 15037       3       java.io.FileCleanable::register (49 bytes)
Event: 30.213 Thread 0x0000017848bf6190 nmethod 15037 0x000001783742ed90 code [0x000001783742efa0, 0x000001783742f7d8]
Event: 30.213 Thread 0x0000017848bf6190 15038       3       java.io.FileDescriptor::valid (25 bytes)
Event: 30.214 Thread 0x0000017848bf6190 nmethod 15038 0x000001783742fb10 code [0x000001783742fca0, 0x000001783742fe58]
Event: 30.214 Thread 0x0000017848bf6190 15039       3       java.io.FileDescriptor$1::get (5 bytes)
Event: 30.214 Thread 0x0000017848bf6190 nmethod 15039 0x000001783742ff10 code [0x00000178374300a0, 0x00000178374301b8]
Event: 30.227 Thread 0x0000017848bf6190 15040       3       org.jetbrains.kotlin.metadata.serialization.Interner::<init> (62 bytes)
Event: 30.228 Thread 0x0000017848bf6190 nmethod 15040 0x0000017837430290 code [0x0000017837430460, 0x0000017837430918]
Event: 30.237 Thread 0x0000017848bf6190 15041       3       org.jetbrains.kotlin.protobuf.LazyStringArrayList::getUnmodifiableView (9 bytes)
Event: 30.237 Thread 0x0000017848bf6190 nmethod 15041 0x0000017837430b10 code [0x0000017837430cc0, 0x0000017837430ff8]
Event: 30.237 Thread 0x0000017848bf6190 15042       3       org.jetbrains.kotlin.protobuf.UnmodifiableLazyStringList::<init> (10 bytes)
Event: 30.238 Thread 0x0000017848bf6190 nmethod 15042 0x0000017837431110 code [0x00000178374312c0, 0x0000017837431558]
Event: 30.250 Thread 0x0000017848bf3780 15043       4       org.jetbrains.kotlin.com.intellij.reference.SoftReference::dereference (13 bytes)
Event: 30.251 Thread 0x0000017848bf3780 nmethod 15043 0x000001783ce65590 code [0x000001783ce65700, 0x000001783ce65778]
Event: 30.269 Thread 0x0000017848bf6190 15044       1       org.jetbrains.kotlin.com.intellij.openapi.util.ObjectNode::getParent (5 bytes)
Event: 30.269 Thread 0x0000017848bf3780 15045       4       org.jetbrains.kotlin.com.intellij.util.SmartList::get (28 bytes)
Event: 30.269 Thread 0x0000017848bf6190 nmethod 15044 0x000001783ce65090 code [0x000001783ce65220, 0x000001783ce652f8]
Event: 30.272 Thread 0x0000017848bf3780 nmethod 15045 0x000001783ccffb90 code [0x000001783ccffd20, 0x000001783ccffe58]
Event: 30.281 Thread 0x0000017848bf3780 15046 %     4       java.io.WinNTFileSystem::normalize @ 22 (143 bytes)

GC Heap History (20 events):
Event: 11.336 GC heap after
{Heap after GC invocations=22 (full 0):
 garbage-first heap   total 215040K, used 40236K [0x00000000c1400000, 0x0000000100000000)
  region size 1024K, 2 young (2048K), 2 survivors (2048K)
 Metaspace       used 52270K, committed 52480K, reserved 1114112K
  class space    used 6196K, committed 6272K, reserved 1048576K
}
Event: 14.910 GC heap before
{Heap before GC invocations=23 (full 0):
 garbage-first heap   total 140288K, used 122156K [0x00000000c1400000, 0x0000000100000000)
  region size 1024K, 82 young (83968K), 2 survivors (2048K)
 Metaspace       used 57139K, committed 57344K, reserved 1114112K
  class space    used 6705K, committed 6784K, reserved 1048576K
}
Event: 14.950 GC heap after
{Heap after GC invocations=24 (full 0):
 garbage-first heap   total 140288K, used 50628K [0x00000000c1400000, 0x0000000100000000)
  region size 1024K, 11 young (11264K), 11 survivors (11264K)
 Metaspace       used 57139K, committed 57344K, reserved 1114112K
  class space    used 6705K, committed 6784K, reserved 1048576K
}
Event: 15.016 GC heap before
{Heap before GC invocations=24 (full 0):
 garbage-first heap   total 140288K, used 51652K [0x00000000c1400000, 0x0000000100000000)
  region size 1024K, 12 young (12288K), 11 survivors (11264K)
 Metaspace       used 57212K, committed 57472K, reserved 1114112K
  class space    used 6713K, committed 6848K, reserved 1048576K
}
Event: 15.063 GC heap after
{Heap after GC invocations=25 (full 0):
 garbage-first heap   total 140288K, used 51716K [0x00000000c1400000, 0x0000000100000000)
  region size 1024K, 2 young (2048K), 2 survivors (2048K)
 Metaspace       used 57212K, committed 57472K, reserved 1114112K
  class space    used 6713K, committed 6848K, reserved 1048576K
}
Event: 18.121 GC heap before
{Heap before GC invocations=25 (full 0):
 garbage-first heap   total 140288K, used 98820K [0x00000000c1400000, 0x0000000100000000)
  region size 1024K, 48 young (49152K), 2 survivors (2048K)
 Metaspace       used 59394K, committed 59712K, reserved 1114112K
  class space    used 6780K, committed 6912K, reserved 1048576K
}
Event: 18.133 GC heap after
{Heap after GC invocations=26 (full 0):
 garbage-first heap   total 140288K, used 55028K [0x00000000c1400000, 0x0000000100000000)
  region size 1024K, 5 young (5120K), 5 survivors (5120K)
 Metaspace       used 59394K, committed 59712K, reserved 1114112K
  class space    used 6780K, committed 6912K, reserved 1048576K
}
Event: 20.300 GC heap before
{Heap before GC invocations=26 (full 0):
 garbage-first heap   total 140288K, used 103156K [0x00000000c1400000, 0x0000000100000000)
  region size 1024K, 52 young (53248K), 5 survivors (5120K)
 Metaspace       used 65284K, committed 65600K, reserved 1114112K
  class space    used 7369K, committed 7552K, reserved 1048576K
}
Event: 20.329 GC heap after
{Heap after GC invocations=27 (full 0):
 garbage-first heap   total 140288K, used 59547K [0x00000000c1400000, 0x0000000100000000)
  region size 1024K, 5 young (5120K), 5 survivors (5120K)
 Metaspace       used 65284K, committed 65600K, reserved 1114112K
  class space    used 7369K, committed 7552K, reserved 1048576K
}
Event: 22.570 GC heap before
{Heap before GC invocations=27 (full 0):
 garbage-first heap   total 140288K, used 106651K [0x00000000c1400000, 0x0000000100000000)
  region size 1024K, 51 young (52224K), 5 survivors (5120K)
 Metaspace       used 69738K, committed 70016K, reserved 1114112K
  class space    used 7857K, committed 8000K, reserved 1048576K
}
Event: 22.601 GC heap after
{Heap after GC invocations=28 (full 0):
 garbage-first heap   total 140288K, used 66075K [0x00000000c1400000, 0x0000000100000000)
  region size 1024K, 7 young (7168K), 7 survivors (7168K)
 Metaspace       used 69738K, committed 70016K, reserved 1114112K
  class space    used 7857K, committed 8000K, reserved 1048576K
}
Event: 24.547 GC heap before
{Heap before GC invocations=28 (full 0):
 garbage-first heap   total 140288K, used 109083K [0x00000000c1400000, 0x0000000100000000)
  region size 1024K, 49 young (50176K), 7 survivors (7168K)
 Metaspace       used 74393K, committed 74752K, reserved 1179648K
  class space    used 8321K, committed 8512K, reserved 1048576K
}
Event: 24.588 GC heap after
{Heap after GC invocations=29 (full 0):
 garbage-first heap   total 140288K, used 71553K [0x00000000c1400000, 0x0000000100000000)
  region size 1024K, 6 young (6144K), 6 survivors (6144K)
 Metaspace       used 74393K, committed 74752K, reserved 1179648K
  class space    used 8321K, committed 8512K, reserved 1048576K
}
Event: 26.667 GC heap before
{Heap before GC invocations=29 (full 0):
 garbage-first heap   total 140288K, used 110465K [0x00000000c1400000, 0x0000000100000000)
  region size 1024K, 44 young (45056K), 6 survivors (6144K)
 Metaspace       used 79887K, committed 80320K, reserved 1179648K
  class space    used 8872K, committed 9088K, reserved 1048576K
}
Event: 26.716 GC heap after
{Heap after GC invocations=30 (full 0):
 garbage-first heap   total 140288K, used 75851K [0x00000000c1400000, 0x0000000100000000)
  region size 1024K, 5 young (5120K), 5 survivors (5120K)
 Metaspace       used 79887K, committed 80320K, reserved 1179648K
  class space    used 8872K, committed 9088K, reserved 1048576K
}
Event: 28.407 GC heap before
{Heap before GC invocations=30 (full 0):
 garbage-first heap   total 140288K, used 111691K [0x00000000c1400000, 0x0000000100000000)
  region size 1024K, 40 young (40960K), 5 survivors (5120K)
 Metaspace       used 84662K, committed 84992K, reserved 1179648K
  class space    used 9237K, committed 9408K, reserved 1048576K
}
Event: 28.446 GC heap after
{Heap after GC invocations=31 (full 0):
 garbage-first heap   total 140288K, used 77335K [0x00000000c1400000, 0x0000000100000000)
  region size 1024K, 2 young (2048K), 2 survivors (2048K)
 Metaspace       used 84662K, committed 84992K, reserved 1179648K
  class space    used 9237K, committed 9408K, reserved 1048576K
}
Event: 29.414 GC heap before
{Heap before GC invocations=31 (full 0):
 garbage-first heap   total 140288K, used 114199K [0x00000000c1400000, 0x0000000100000000)
  region size 1024K, 38 young (38912K), 2 survivors (2048K)
 Metaspace       used 85714K, committed 86080K, reserved 1179648K
  class space    used 9272K, committed 9472K, reserved 1048576K
}
Event: 29.435 GC heap after
{Heap after GC invocations=32 (full 0):
 garbage-first heap   total 140288K, used 80725K [0x00000000c1400000, 0x0000000100000000)
  region size 1024K, 5 young (5120K), 5 survivors (5120K)
 Metaspace       used 85714K, committed 86080K, reserved 1179648K
  class space    used 9272K, committed 9472K, reserved 1048576K
}
Event: 30.285 GC heap before
{Heap before GC invocations=32 (full 0):
 garbage-first heap   total 140288K, used 114517K [0x00000000c1400000, 0x0000000100000000)
  region size 1024K, 38 young (38912K), 5 survivors (5120K)
 Metaspace       used 86653K, committed 87040K, reserved 1179648K
  class space    used 9342K, committed 9536K, reserved 1048576K
}

Dll operation events (2 events):
Event: 0.017 Loaded shared library C:\Program Files\Android\Android Studio2\jbr\bin\java.dll
Event: 3.454 Loaded shared library C:\Program Files\Android\Android Studio2\jbr\bin\verify.dll

Deoptimization events (20 events):
Event: 30.254 Thread 0x0000017831cad1e0 Uncommon trap: trap_request=0xffffffc6 fr.pc=0x000001783cdd92f4 relative=0x0000000000000734
Event: 30.254 Thread 0x0000017831cad1e0 Uncommon trap: reason=bimorphic_or_optimized_type_check action=maybe_recompile pc=0x000001783cdd92f4 method=org.jetbrains.kotlin.protobuf.CodedOutputStream.refreshBuffer()V @ 28 c2
Event: 30.254 Thread 0x0000017831cad1e0 DEOPT PACKING pc=0x000001783cdd92f4 sp=0x0000001b229fe500
Event: 30.254 Thread 0x0000017831cad1e0 DEOPT UNPACKING pc=0x000001783c7169a3 sp=0x0000001b229fe478 mode 2
Event: 30.266 Thread 0x0000017831cad1e0 Uncommon trap: trap_request=0xffffffc6 fr.pc=0x000001783ce3ef88 relative=0x0000000000000d88
Event: 30.266 Thread 0x0000017831cad1e0 Uncommon trap: reason=bimorphic_or_optimized_type_check action=maybe_recompile pc=0x000001783ce3ef88 method=org.jetbrains.kotlin.com.intellij.openapi.util.UserDataHolderBase.putUserData(Lorg/jetbrains/kotlin/com/intellij/openapi/util/Key;Ljava/lang/Object
Event: 30.266 Thread 0x0000017831cad1e0 DEOPT PACKING pc=0x000001783ce3ef88 sp=0x0000001b229fe6b0
Event: 30.266 Thread 0x0000017831cad1e0 DEOPT UNPACKING pc=0x000001783c7169a3 sp=0x0000001b229fe688 mode 2
Event: 30.266 Thread 0x0000017831cad1e0 Uncommon trap: trap_request=0xffffffc6 fr.pc=0x000001783ce3ef88 relative=0x0000000000000d88
Event: 30.266 Thread 0x0000017831cad1e0 Uncommon trap: reason=bimorphic_or_optimized_type_check action=maybe_recompile pc=0x000001783ce3ef88 method=org.jetbrains.kotlin.com.intellij.openapi.util.UserDataHolderBase.putUserData(Lorg/jetbrains/kotlin/com/intellij/openapi/util/Key;Ljava/lang/Object
Event: 30.266 Thread 0x0000017831cad1e0 DEOPT PACKING pc=0x000001783ce3ef88 sp=0x0000001b229fe6b0
Event: 30.266 Thread 0x0000017831cad1e0 DEOPT UNPACKING pc=0x000001783c7169a3 sp=0x0000001b229fe688 mode 2
Event: 30.266 Thread 0x0000017831cad1e0 Uncommon trap: trap_request=0xffffffc6 fr.pc=0x000001783ce3ef88 relative=0x0000000000000d88
Event: 30.266 Thread 0x0000017831cad1e0 Uncommon trap: reason=bimorphic_or_optimized_type_check action=maybe_recompile pc=0x000001783ce3ef88 method=org.jetbrains.kotlin.com.intellij.openapi.util.UserDataHolderBase.putUserData(Lorg/jetbrains/kotlin/com/intellij/openapi/util/Key;Ljava/lang/Object
Event: 30.267 Thread 0x0000017831cad1e0 DEOPT PACKING pc=0x000001783ce3ef88 sp=0x0000001b229fe6b0
Event: 30.267 Thread 0x0000017831cad1e0 DEOPT UNPACKING pc=0x000001783c7169a3 sp=0x0000001b229fe688 mode 2
Event: 30.267 Thread 0x0000017831cad1e0 Uncommon trap: trap_request=0xffffffc6 fr.pc=0x000001783ce3ef88 relative=0x0000000000000d88
Event: 30.267 Thread 0x0000017831cad1e0 Uncommon trap: reason=bimorphic_or_optimized_type_check action=maybe_recompile pc=0x000001783ce3ef88 method=org.jetbrains.kotlin.com.intellij.openapi.util.UserDataHolderBase.putUserData(Lorg/jetbrains/kotlin/com/intellij/openapi/util/Key;Ljava/lang/Object
Event: 30.267 Thread 0x0000017831cad1e0 DEOPT PACKING pc=0x000001783ce3ef88 sp=0x0000001b229fe6b0
Event: 30.267 Thread 0x0000017831cad1e0 DEOPT UNPACKING pc=0x000001783c7169a3 sp=0x0000001b229fe688 mode 2

Classes unloaded (0 events):
No events

Classes redefined (0 events):
No events

Internal exceptions (20 events):
Event: 12.639 Thread 0x0000017831cad1e0 Implicit null exception at 0x000001783ce4b4a0 to 0x000001783ce4b7b8
Event: 12.655 Thread 0x0000017831cad1e0 Implicit null exception at 0x000001783cde096f to 0x000001783cde0b5c
Event: 12.658 Thread 0x0000017831cad1e0 Implicit null exception at 0x000001783cca7bef to 0x000001783cca7dcc
Event: 13.837 Thread 0x0000017831cad1e0 Implicit null exception at 0x000001783cd70094 to 0x000001783cd7018c
Event: 13.837 Thread 0x0000017831cad1e0 Implicit null exception at 0x000001783ccc94e0 to 0x000001783ccc957a
Event: 14.189 Thread 0x0000017831cad1e0 Implicit null exception at 0x000001783ce4dc40 to 0x000001783ce4dccd
Event: 14.707 Thread 0x0000017831cad1e0 Exception <a 'java/lang/NoSuchMethodError'{0x00000000c4f24960}: 'java.lang.Object java.lang.invoke.DirectMethodHandle$Holder.newInvokeSpecial(java.lang.Object, int, java.lang.Object)'> (0x00000000c4f24960) 
thrown [s\src\hotspot\share\interpreter\linkResolver.cpp, line 771]
Event: 14.709 Thread 0x0000017831cad1e0 Exception <a 'java/lang/NoSuchMethodError'{0x00000000c4f2b510}: 'int java.lang.invoke.DirectMethodHandle$Holder.invokeInterface(java.lang.Object, java.lang.Object)'> (0x00000000c4f2b510) 
thrown [s\src\hotspot\share\interpreter\linkResolver.cpp, line 771]
Event: 14.770 Thread 0x0000017831cad1e0 Exception <a 'java/lang/NoSuchMethodError'{0x00000000c4e2d8b0}: 'java.lang.Object java.lang.invoke.DirectMethodHandle$Holder.newInvokeSpecial(java.lang.Object, java.lang.Object, java.lang.Object, java.lang.Object, java.lang.Object, java.lang.Object, java.lang.Object)'> (0x00000000c4e2d8b0) 
thrown [s\src\hotspot\share\interpreter\linkResolver.cpp, line 771]
Event: 14.771 Thread 0x0000017831cad1e0 Exception <a 'java/lang/NoSuchMethodError'{0x00000000c4e32468}: 'java.lang.Object java.lang.invoke.Invokers$Holder.linkToTargetMethod(java.lang.Object, java.lang.Object, java.lang.Object, java.lang.Object, java.lang.Object, java.lang.Object, java.lang.Object)'> (0x00000000c4e32468) 
thrown [s\src\hotspot\share\interpreter\linkResolver.cpp, line 771]
Event: 15.117 Thread 0x0000017831cad1e0 Exception <a 'java/lang/NoSuchMethodError'{0x00000000c97714f8}: 'java.lang.Object java.lang.invoke.DirectMethodHandle$Holder.invokeInterface(java.lang.Object, java.lang.Object, java.lang.Object)'> (0x00000000c97714f8) 
thrown [s\src\hotspot\share\interpreter\linkResolver.cpp, line 771]
Event: 15.118 Thread 0x0000017831cad1e0 Exception <a 'java/lang/IncompatibleClassChangeError'{0x00000000c9775660}: Found class java.lang.Object, but interface was expected> (0x00000000c9775660) 
thrown [s\src\hotspot\share\interpreter\linkResolver.cpp, line 838]
Event: 18.955 Thread 0x0000017831cad1e0 Implicit null exception at 0x000001783ccf15ef to 0x000001783ccf17c4
Event: 19.576 Thread 0x0000017831cad1e0 Exception <a 'java/lang/NoSuchMethodError'{0x00000000c7c25898}: 'java.lang.Object java.lang.invoke.DirectMethodHandle$Holder.invokeStaticInit(java.lang.Object, java.lang.Object, java.lang.Object, java.lang.Object)'> (0x00000000c7c25898) 
thrown [s\src\hotspot\share\interpreter\linkResolver.cpp, line 771]
Event: 20.765 Thread 0x0000017831cad1e0 Exception <a 'java/lang/NoSuchMethodError'{0x00000000c9459ae8}: 'java.lang.Object java.lang.invoke.DirectMethodHandle$Holder.invokeSpecial(java.lang.Object, java.lang.Object, int, int, java.lang.Object, java.lang.Object, java.lang.Object, java.lang.Object, java.lang.Object)'> (0x00000000c9459ae8) 
thrown [s\src\hotspot\share\interpreter\linkResolver.cpp, line 771]
Event: 20.771 Thread 0x0000017831cad1e0 Exception <a 'java/lang/NoSuchMethodError'{0x00000000c94739d0}: 'java.lang.Object java.lang.invoke.DirectMethodHandle$Holder.invokeStatic(java.lang.Object, int, java.lang.Object)'> (0x00000000c94739d0) 
thrown [s\src\hotspot\share\interpreter\linkResolver.cpp, line 771]
Event: 20.784 Thread 0x0000017831cad1e0 Exception <a 'java/lang/NoSuchMethodError'{0x00000000c949b450}: 'java.lang.Object java.lang.invoke.DirectMethodHandle$Holder.newInvokeSpecial(java.lang.Object, int, java.lang.Object, java.lang.Object)'> (0x00000000c949b450) 
thrown [s\src\hotspot\share\interpreter\linkResolver.cpp, line 771]
Event: 23.483 Thread 0x0000017831cad1e0 Implicit null exception at 0x000001783cccadef to 0x000001783cccb034
Event: 26.135 Thread 0x0000017831cad1e0 Implicit null exception at 0x000001783d0770b5 to 0x000001783d07731a
Event: 26.183 Thread 0x0000017831cad1e0 Implicit null exception at 0x000001783d06b3d2 to 0x000001783d06b475

VM Operations (20 events):
Event: 29.039 Executing VM operation: HandshakeAllThreads done
Event: 29.363 Executing VM operation: ICBufferFull
Event: 29.363 Executing VM operation: ICBufferFull done
Event: 29.414 Executing VM operation: G1CollectForAllocation
Event: 29.435 Executing VM operation: G1CollectForAllocation done
Event: 29.713 Executing VM operation: HandshakeAllThreads
Event: 29.713 Executing VM operation: HandshakeAllThreads done
Event: 29.719 Executing VM operation: HandshakeAllThreads
Event: 29.719 Executing VM operation: HandshakeAllThreads done
Event: 29.886 Executing VM operation: ICBufferFull
Event: 29.886 Executing VM operation: ICBufferFull done
Event: 29.917 Executing VM operation: HandshakeAllThreads
Event: 29.917 Executing VM operation: HandshakeAllThreads done
Event: 29.947 Executing VM operation: HandshakeAllThreads
Event: 29.947 Executing VM operation: HandshakeAllThreads done
Event: 30.241 Executing VM operation: HandshakeAllThreads
Event: 30.241 Executing VM operation: HandshakeAllThreads done
Event: 30.266 Executing VM operation: HandshakeAllThreads
Event: 30.266 Executing VM operation: HandshakeAllThreads done
Event: 30.285 Executing VM operation: G1CollectForAllocation

Events (20 events):
Event: 29.069 Thread 0x0000017848c09530 flushing nmethod 0x0000017836ca0b90
Event: 29.069 Thread 0x0000017848c09530 flushing nmethod 0x0000017836ca2510
Event: 29.069 Thread 0x0000017848c09530 flushing nmethod 0x0000017836cb3090
Event: 29.069 Thread 0x0000017848c09530 flushing nmethod 0x0000017836cbd390
Event: 29.069 Thread 0x0000017848c09530 flushing nmethod 0x0000017836cd1c90
Event: 29.070 Thread 0x0000017848c09530 flushing nmethod 0x0000017836dbac10
Event: 29.070 Thread 0x0000017848c09530 flushing nmethod 0x0000017836dc1890
Event: 29.071 Thread 0x0000017848c09530 flushing nmethod 0x0000017836e02510
Event: 30.073 loading class java/io/FileOutputStream$1
Event: 30.074 loading class java/io/FileOutputStream$1 done
Event: 30.234 loading class java/util/ComparableTimSort
Event: 30.235 loading class java/util/ComparableTimSort done
Event: 30.276 loading class java/util/Comparators$NullComparator
Event: 30.276 loading class java/util/Comparators$NullComparator done
Event: 30.282 loading class java/util/IdentityHashMap$KeyIterator
Event: 30.284 loading class java/util/IdentityHashMap$IdentityHashMapIterator
Event: 30.284 loading class java/util/IdentityHashMap$IdentityHashMapIterator done
Event: 30.284 loading class java/util/IdentityHashMap$KeyIterator done
Event: 30.285 Thread 0x0000017831cad1e0 Thread exited: 0x0000017831cad1e0
Event: 30.285 Thread 0x000001784e0ee5a0 Thread added: 0x000001784e0ee5a0


Dynamic libraries:
0x00007ff65f350000 - 0x00007ff65f35a000 	C:\Program Files\Android\Android Studio2\jbr\bin\java.exe
0x00007ffd06cd0000 - 0x00007ffd06ec8000 	C:\WINDOWS\SYSTEM32\ntdll.dll
0x00007ffd04d00000 - 0x00007ffd04dbd000 	C:\WINDOWS\System32\KERNEL32.DLL
0x00007ffd046e0000 - 0x00007ffd049d6000 	C:\WINDOWS\System32\KERNELBASE.dll
0x00007ffd04500000 - 0x00007ffd04600000 	C:\WINDOWS\System32\ucrtbase.dll
0x00007ffcf2080000 - 0x00007ffcf209b000 	C:\Program Files\Android\Android Studio2\jbr\bin\VCRUNTIME140.dll
0x00007ffce86c0000 - 0x00007ffce86d7000 	C:\Program Files\Android\Android Studio2\jbr\bin\jli.dll
0x00007ffd05ac0000 - 0x00007ffd05c5f000 	C:\WINDOWS\System32\USER32.dll
0x00007ffceb850000 - 0x00007ffcebaea000 	C:\WINDOWS\WinSxS\amd64_microsoft.windows.common-controls_6595b64144ccf1df_6.0.19041.3636_none_60b6a03d71f818d5\COMCTL32.dll
0x00007ffd044d0000 - 0x00007ffd044f2000 	C:\WINDOWS\System32\win32u.dll
0x00007ffd05560000 - 0x00007ffd055fe000 	C:\WINDOWS\System32\msvcrt.dll
0x00007ffd04dd0000 - 0x00007ffd04dfb000 	C:\WINDOWS\System32\GDI32.dll
0x00007ffd04be0000 - 0x00007ffd04cf7000 	C:\WINDOWS\System32\gdi32full.dll
0x00007ffd04b40000 - 0x00007ffd04bdd000 	C:\WINDOWS\System32\msvcp_win.dll
0x00007ffd05cc0000 - 0x00007ffd05cf2000 	C:\WINDOWS\System32\IMM32.DLL
0x00007ffcfa650000 - 0x00007ffcfa65c000 	C:\Program Files\Android\Android Studio2\jbr\bin\vcruntime140_1.dll
0x00007ffcac370000 - 0x00007ffcac3fd000 	C:\Program Files\Android\Android Studio2\jbr\bin\msvcp140.dll
0x00007ffcc5480000 - 0x00007ffcc6103000 	C:\Program Files\Android\Android Studio2\jbr\bin\server\jvm.dll
0x00007ffd05600000 - 0x00007ffd056b0000 	C:\WINDOWS\System32\ADVAPI32.dll
0x00007ffd056b0000 - 0x00007ffd05750000 	C:\WINDOWS\System32\sechost.dll
0x00007ffd05270000 - 0x00007ffd05393000 	C:\WINDOWS\System32\RPCRT4.dll
0x00007ffd04600000 - 0x00007ffd04627000 	C:\WINDOWS\System32\bcrypt.dll
0x00007ffd041e0000 - 0x00007ffd0422b000 	C:\WINDOWS\SYSTEM32\POWRPROF.dll
0x00007ffce8bd0000 - 0x00007ffce8bd9000 	C:\WINDOWS\SYSTEM32\WSOCK32.dll
0x00007ffcebb00000 - 0x00007ffcebb27000 	C:\WINDOWS\SYSTEM32\WINMM.dll
0x00007ffd05750000 - 0x00007ffd057bb000 	C:\WINDOWS\System32\WS2_32.dll
0x00007ffcf31b0000 - 0x00007ffcf31ba000 	C:\WINDOWS\SYSTEM32\VERSION.dll
0x00007ffd041c0000 - 0x00007ffd041d2000 	C:\WINDOWS\SYSTEM32\UMPDC.dll
0x00007ffd02b80000 - 0x00007ffd02b92000 	C:\WINDOWS\SYSTEM32\kernel.appcore.dll
0x00007ffd015c0000 - 0x00007ffd015ca000 	C:\Program Files\Android\Android Studio2\jbr\bin\jimage.dll
0x00007ffd020e0000 - 0x00007ffd022c4000 	C:\WINDOWS\SYSTEM32\DBGHELP.DLL
0x00007ffcf19a0000 - 0x00007ffcf19d4000 	C:\WINDOWS\SYSTEM32\dbgcore.DLL
0x00007ffd04380000 - 0x00007ffd04402000 	C:\WINDOWS\System32\bcryptPrimitives.dll
0x00007ffcfa3b0000 - 0x00007ffcfa3d5000 	C:\Program Files\Android\Android Studio2\jbr\bin\java.dll
0x00007ffcfa390000 - 0x00007ffcfa3a8000 	C:\Program Files\Android\Android Studio2\jbr\bin\zip.dll
0x00007ffd06160000 - 0x00007ffd068cb000 	C:\WINDOWS\System32\SHELL32.dll
0x00007ffd022d0000 - 0x00007ffd02a6e000 	C:\WINDOWS\SYSTEM32\windows.storage.dll
0x00007ffd06930000 - 0x00007ffd06c83000 	C:\WINDOWS\System32\combase.dll
0x00007ffd03ce0000 - 0x00007ffd03d0e000 	C:\WINDOWS\SYSTEM32\Wldp.dll
0x00007ffd05fe0000 - 0x00007ffd060ad000 	C:\WINDOWS\System32\OLEAUT32.dll
0x00007ffd05970000 - 0x00007ffd05a1d000 	C:\WINDOWS\System32\SHCORE.dll
0x00007ffd05c60000 - 0x00007ffd05cb5000 	C:\WINDOWS\System32\shlwapi.dll
0x00007ffd042b0000 - 0x00007ffd042d3000 	C:\WINDOWS\SYSTEM32\profapi.dll
0x00007ffcea9d0000 - 0x00007ffcea9e9000 	C:\Program Files\Android\Android Studio2\jbr\bin\net.dll
0x00007ffcf3450000 - 0x00007ffcf355a000 	C:\WINDOWS\SYSTEM32\WINHTTP.dll
0x00007ffd03a40000 - 0x00007ffd03aaa000 	C:\WINDOWS\system32\mswsock.dll
0x00007ffce8b70000 - 0x00007ffce8b86000 	C:\Program Files\Android\Android Studio2\jbr\bin\nio.dll
0x00007ffce8b60000 - 0x00007ffce8b70000 	C:\Program Files\Android\Android Studio2\jbr\bin\verify.dll

dbghelp: loaded successfully - version: 4.0.5 - missing functions: none
symbol engine: initialized successfully - sym options: 0x614 - pdb path: .;C:\Program Files\Android\Android Studio2\jbr\bin;C:\WINDOWS\SYSTEM32;C:\WINDOWS\WinSxS\amd64_microsoft.windows.common-controls_6595b64144ccf1df_6.0.19041.3636_none_60b6a03d71f818d5;C:\Program Files\Android\Android Studio2\jbr\bin\server

VM Arguments:
java_command: org.jetbrains.kotlin.cli.jvm.K2JVMCompiler @C:\Users\Acer\AndroidStudioProjects\FitnessApp2\app\build\20240517_5160671902150424921.compiler.options
java_class_path (initial): C:\Users\Acer\.gradle\caches\modules-2\files-2.1\org.jetbrains.kotlin\kotlin-compiler-embeddable\1.9.0\2c8c3a7402becca891f12739b3e9fd2dc2adbd7a\kotlin-compiler-embeddable-1.9.0.jar;C:\Users\Acer\.gradle\caches\modules-2\files-2.1\org.jetbrains.kotlin\kotlin-stdlib\1.9.0\8ee15ef0c67dc83d874f412d84378d7f0eb50b63\kotlin-stdlib-1.9.0.jar;C:\Users\Acer\.gradle\caches\modules-2\files-2.1\org.jetbrains.kotlin\kotlin-script-runtime\1.9.0\4b3102cbbb7e1b58d9d1adf89563f00069ffa7d1\kotlin-script-runtime-1.9.0.jar;C:\Users\Acer\.gradle\caches\modules-2\files-2.1\org.jetbrains.kotlin\kotlin-reflect\1.6.10\1cbe9c92c12a94eea200d23c2bbaedaf3daf5132\kotlin-reflect-1.6.10.jar;C:\Users\Acer\.gradle\caches\modules-2\files-2.1\org.jetbrains.kotlin\kotlin-daemon-embeddable\1.9.0\186543f5e28cf8d9a0290fecc2cf34301c40a65c\kotlin-daemon-embeddable-1.9.0.jar;C:\Users\Acer\.gradle\caches\modules-2\files-2.1\org.jetbrains.intellij.deps\trove4j\1.0.20200330\3afb14d5f9ceb459d724e907a21145e8ff394f02\trove4j-1.0.20200330.jar;C:\Users\Acer\.gradle\caches\modules-2\files-2.1\org.jetbrains.kotlin\kotlin-stdlib-common\1.9.0\cd65c21cfd1eec4d44ef09f9f52b6d9f8a720636\kotlin-stdlib-common-1.9.0.jar;C:\Users\Acer\.gradle\caches\modules-2\files-2.1\org.jetbrains\annotations\13.0\919f0dfe192fb4e063e7dacadee7f8bb9a2672a9\annotations-13.0.jar
Launcher Type: SUN_STANDARD

[Global flags]
     intx CICompilerCount                          = 3                                         {product} {ergonomic}
     uint ConcGCThreads                            = 1                                         {product} {ergonomic}
     uint G1ConcRefinementThreads                  = 4                                         {product} {ergonomic}
   size_t G1HeapRegionSize                         = 1048576                                   {product} {ergonomic}
    uintx GCDrainStackTargetSize                   = 64                                        {product} {ergonomic}
   size_t InitialHeapSize                          = 67108864                                  {product} {ergonomic}
   size_t MarkStackSize                            = 4194304                                   {product} {ergonomic}
   size_t MaxHeapSize                              = 1052770304                                {product} {ergonomic}
   size_t MaxNewSize                               = 631242752                                 {product} {ergonomic}
   size_t MinHeapDeltaBytes                        = 1048576                                   {product} {ergonomic}
   size_t MinHeapSize                              = 8388608                                   {product} {ergonomic}
    uintx NonNMethodCodeHeapSize                   = 5832780                                {pd product} {ergonomic}
    uintx NonProfiledCodeHeapSize                  = 122912730                              {pd product} {ergonomic}
    uintx ProfiledCodeHeapSize                     = 122912730                              {pd product} {ergonomic}
    uintx ReservedCodeCacheSize                    = 251658240                              {pd product} {ergonomic}
     bool SegmentedCodeCache                       = true                                      {product} {ergonomic}
   size_t SoftMaxHeapSize                          = 1052770304                             {manageable} {ergonomic}
     bool UseCompressedClassPointers               = true                           {product lp64_product} {ergonomic}
     bool UseCompressedOops                        = true                           {product lp64_product} {ergonomic}
     bool UseG1GC                                  = true                                      {product} {ergonomic}
     bool UseLargePagesIndividualAllocation        = false                                  {pd product} {ergonomic}

Logging:
Log output configuration:
 #0: stdout all=warning uptime,level,tags
 #1: stderr all=off uptime,level,tags

Environment Variables:
PATH=C:\Program Files\Common Files\Oracle\Java\javapath;C:\Program Files (x86)\Intel\iCLS Client\;C:\Program Files\Intel\iCLS Client\;C:\WINDOWS\system32;C:\WINDOWS;C:\WINDOWS\System32\Wbem;C:\WINDOWS\System32\WindowsPowerShell\v1.0\;C:\Program Files (x86)\Intel\Intel(R) Management Engine Components\DAL;C:\Program Files\Intel\Intel(R) Management Engine Components\DAL;C:\Program Files (x86)\Intel\Intel(R) Management Engine Components\IPT;C:\Program Files\Intel\Intel(R) Management Engine Components\IPT;C:\WINDOWS\System32\OpenSSH\;C:\Program Files\Git\cmd;C:\Users\Acer\AppData\Local\Programs\Python\Python312\Scripts\;C:\Users\Acer\AppData\Local\Programs\Python\Python312\;C:\Users\Acer\AppData\Local\Programs\Python\Launcher\;C:\Users\Acer\AppData\Local\Microsoft\WindowsApps;C:\Program Files\JetBrains\IntelliJ IDEA Community Edition 2023.3.4\bin;;C:\Program Files\Java\jdk-22\bin;
USERNAME=Acer
OS=Windows_NT
PROCESSOR_IDENTIFIER=Intel64 Family 6 Model 142 Stepping 9, GenuineIntel
TMP=C:\Users\Acer\AppData\Local\Temp
TEMP=C:\Users\Acer\AppData\Local\Temp



Periodic native trim disabled

JNI global refs:
JNI global refs: 8, weak refs: 0

JNI global refs memory usage: 843, weak refs: 209

OOME stack traces (most recent first):
Classloader memory used:
Loader jdk.internal.loader.ClassLoaders$AppClassLoader                                 : 9083K
Loader bootstrap                                                                       : 1456K
Loader java.net.URLClassLoader                                                         : 274K
Loader jdk.internal.reflect.DelegatingClassLoader                                      : 18130B


---------------  S Y S T E M  ---------------

OS:
 Windows 10 , 64 bit Build 19041 (10.0.19041.3636)
OS uptime: 2 days 18:21 hours

CPU: total 4 (initial active 4) (2 cores per cpu, 2 threads per core) family 6 model 142 stepping 9 microcode 0xb4, cx8, cmov, fxsr, ht, mmx, 3dnowpref, sse, sse2, sse3, ssse3, sse4.1, sse4.2, popcnt, lzcnt, tsc, tscinvbit, avx, avx2, aes, erms, clmul, bmi1, bmi2, adx, fma, vzeroupper, clflush, clflushopt
Processor Information for processor 0
  Max Mhz: 2712, Current Mhz: 2712, Mhz Limit: 2712
Processor Information for processor 1
  Max Mhz: 2712, Current Mhz: 1506, Mhz Limit: 2712
Processor Information for processor 2
  Max Mhz: 2712, Current Mhz: 1506, Mhz Limit: 2712
Processor Information for processor 3
  Max Mhz: 2712, Current Mhz: 2712, Mhz Limit: 2712

Memory: 4k page, system-wide physical 4012M (190M free)
TotalPageFile size 16300M (AvailPageFile size 41M)
current process WorkingSet (physical memory assigned to process): 297M, peak: 298M
current process commit charge ("private bytes"): 449M, peak: 513M

vm_info: OpenJDK 64-Bit Server VM (17.0.9+0--11185874) for windows-amd64 JRE (17.0.9+0--11185874), built on Dec  6 2023 18:57:44 by "androidbuild" with MS VC++ 16.10 / 16.11 (VS2019)

END.
